13:13:48.920 [main] WARN  o.h.c.e.i.s.EhcacheAccessStrategyFactoryImpl - HHH020007: read-only cache configured for mutable entity [com.github.lanimall.domain.BlogCategoryEntity]
13:17:05.150 [main] WARN  o.h.c.e.i.s.EhcacheAccessStrategyFactoryImpl - HHH020007: read-only cache configured for mutable entity [com.github.lanimall.domain.BlogCategoryEntity]
13:25:16.374 [main] WARN  o.h.c.e.i.s.EhcacheAccessStrategyFactoryImpl - HHH020007: read-only cache configured for mutable entity [com.github.lanimall.domain.BlogCategoryEntity]
13:28:34.003 [main] WARN  o.h.c.e.i.s.EhcacheAccessStrategyFactoryImpl - HHH020007: read-only cache configured for mutable entity [com.github.lanimall.domain.BlogCategoryEntity]
13:29:00.237 [main] WARN  o.h.c.e.i.s.EhcacheAccessStrategyFactoryImpl - HHH020007: read-only cache configured for mutable entity [com.github.lanimall.domain.BlogCategoryEntity]
14:33:30.939 [main] WARN  o.h.c.e.i.s.EhcacheAccessStrategyFactoryImpl - HHH020007: read-only cache configured for mutable entity [com.github.lanimall.domain.BlogCategoryEntity]
14:33:32.598 [main] ERROR o.h.tool.hbm2ddl.SchemaExport - HHH000389: Unsuccessful: alter table blogComment drop foreign key FKBFABDC5DB11B1D1B
14:33:32.599 [main] ERROR o.h.tool.hbm2ddl.SchemaExport - Table 'hibernatesampleapp.blogComment' doesn't exist
14:33:32.600 [main] ERROR o.h.tool.hbm2ddl.SchemaExport - HHH000389: Unsuccessful: alter table blogPost_blogCategories drop foreign key FK337C11DB95A5554E
14:33:32.600 [main] ERROR o.h.tool.hbm2ddl.SchemaExport - Table 'hibernatesampleapp.blogPost_blogCategories' doesn't exist
14:33:32.600 [main] ERROR o.h.tool.hbm2ddl.SchemaExport - HHH000389: Unsuccessful: alter table blogPost_blogCategories drop foreign key FK337C11DB45E7067E
14:33:32.600 [main] ERROR o.h.tool.hbm2ddl.SchemaExport - Table 'hibernatesampleapp.blogPost_blogCategories' doesn't exist
14:35:54.423 [main] WARN  o.h.c.e.i.s.EhcacheAccessStrategyFactoryImpl - HHH020007: read-only cache configured for mutable entity [com.github.lanimall.domain.BlogCategoryEntity]
14:36:52.252 [main] WARN  o.h.c.e.i.s.EhcacheAccessStrategyFactoryImpl - HHH020007: read-only cache configured for mutable entity [com.github.lanimall.domain.BlogCategoryEntity]
14:46:57.458 [main] WARN  o.h.c.e.i.s.EhcacheAccessStrategyFactoryImpl - HHH020007: read-only cache configured for mutable entity [com.github.lanimall.domain.BlogCategoryEntity]
19:11:23.542 [main] WARN  o.h.c.e.i.s.EhcacheAccessStrategyFactoryImpl - HHH020007: read-only cache configured for mutable entity [com.github.lanimall.domain.BlogCategoryEntity]
19:12:50.806 [main] WARN  o.h.c.e.i.s.EhcacheAccessStrategyFactoryImpl - HHH020007: read-only cache configured for mutable entity [com.github.lanimall.domain.BlogCategoryEntity]
19:16:18.558 [main] WARN  o.h.c.e.i.s.EhcacheAccessStrategyFactoryImpl - HHH020007: read-only cache configured for mutable entity [com.github.lanimall.domain.BlogCategoryEntity]
19:19:04.729 [main] WARN  o.h.c.e.i.s.EhcacheAccessStrategyFactoryImpl - HHH020007: read-only cache configured for mutable entity [com.github.lanimall.domain.BlogCategoryEntity]
19:20:34.144 [main] WARN  o.h.c.e.i.s.EhcacheAccessStrategyFactoryImpl - HHH020007: read-only cache configured for mutable entity [com.github.lanimall.domain.BlogCategoryEntity]
19:33:34.303 [main] WARN  o.h.c.e.i.s.EhcacheAccessStrategyFactoryImpl - HHH020007: read-only cache configured for mutable entity [com.github.lanimall.domain.BlogCategoryEntity]
20:45:35.316 [main] WARN  o.h.c.e.i.s.EhcacheAccessStrategyFactoryImpl - HHH020007: read-only cache configured for mutable entity [com.github.lanimall.domain.BlogCategoryEntity]
21:09:45.415 [main] WARN  o.h.c.e.i.s.EhcacheAccessStrategyFactoryImpl - HHH020007: read-only cache configured for mutable entity [com.github.lanimall.domain.BlogCategoryEntity]
21:10:31.426 [main] WARN  o.h.c.e.i.s.EhcacheAccessStrategyFactoryImpl - HHH020007: read-only cache configured for mutable entity [com.github.lanimall.domain.BlogCategoryEntity]
21:11:13.986 [main] WARN  o.h.c.e.i.s.EhcacheAccessStrategyFactoryImpl - HHH020007: read-only cache configured for mutable entity [com.github.lanimall.domain.BlogCategoryEntity]
21:11:18.293 [main] WARN  o.h.e.jdbc.spi.SqlExceptionHelper - SQL Error: 1062, SQLState: 23000
21:11:18.293 [main] ERROR o.h.e.jdbc.spi.SqlExceptionHelper - Duplicate entry '0' for key 'PRIMARY'
21:11:18.294 [main] ERROR o.h.e.j.batch.internal.BatchingBatch - HHH000315: Exception executing batch [Duplicate entry '0' for key 'PRIMARY']
21:14:41.823 [main] WARN  o.h.c.e.i.s.EhcacheAccessStrategyFactoryImpl - HHH020007: read-only cache configured for mutable entity [com.github.lanimall.domain.BlogCategoryEntity]
21:24:34.989 [main] WARN  o.h.c.e.i.s.EhcacheAccessStrategyFactoryImpl - HHH020007: read-only cache configured for mutable entity [com.github.lanimall.domain.BlogCategoryEntity]
21:27:39.396 [main] WARN  o.h.c.e.i.s.EhcacheAccessStrategyFactoryImpl - HHH020007: read-only cache configured for mutable entity [com.github.lanimall.domain.BlogCategoryEntity]
